18:06:00 **** Incremental Build of configuration Debug for project lab3 ****
make all 
Building file: ../src/Stack.cpp
Invoking: GCC C++ Compiler
g++ -O0 -g3 -Wall -c -fmessage-length=0 -MMD -MP -MF"src/Stack.d" -MT"src/Stack.o" -o "src/Stack.o" "../src/Stack.cpp"
Finished building: ../src/Stack.cpp
 
Building target: lab3
Invoking: MacOS X C++ Linker
g++  -o "lab3"  ./src/Queue.o ./src/QueueTest.o ./src/Stack.o ./src/StackTest.o   
Finished building target: lab3
 
18:06:06 **** Incremental Build of configuration Debug for project lab3 ****
make all 
make: Nothing to be done for `all'.
18:08:36 **** Incremental Build of configuration Debug for project lab3 ****
make all 
Building file: ../src/StackTest.cpp
Invoking: GCC C++ Compiler
g++ -O0 -g3 -Wall -c -fmessage-length=0 -MMD -MP -MF"src/StackTest.d" -MT"src/StackTest.o" -o "src/StackTest.o" "../src/StackTest.cpp"
Finished building: ../src/StackTest.cpp
 
Building target: lab3
Invoking: MacOS X C++ Linker
g++  -o "lab3"  ./src/Queue.o ./src/QueueTest.o ./src/Stack.o ./src/StackTest.o   
Finished building target: lab3
 
18:09:19 **** Incremental Build of configuration Debug for project lab3 ****
make all 
Building file: ../src/StackTest.cpp
Invoking: GCC C++ Compiler
g++ -O0 -g3 -Wall -c -fmessage-length=0 -MMD -MP -MF"src/StackTest.d" -MT"src/StackTest.o" -o "src/StackTest.o" "../src/StackTest.cpp"
Finished building: ../src/StackTest.cpp
 
Building target: lab3
Invoking: MacOS X C++ Linker
g++  -o "lab3"  ./src/Queue.o ./src/QueueTest.o ./src/Stack.o ./src/StackTest.o   
Finished building target: lab3
 
18:10:23 **** Incremental Build of configuration Debug for project lab3 ****
make all 
Building file: ../src/StackTest.cpp
Invoking: GCC C++ Compiler
g++ -O0 -g3 -Wall -c -fmessage-length=0 -MMD -MP -MF"src/StackTest.d" -MT"src/StackTest.o" -o "src/StackTest.o" "../src/StackTest.cpp"
Finished building: ../src/StackTest.cpp
 
Building target: lab3
Invoking: MacOS X C++ Linker
g++  -o "lab3"  ./src/Queue.o ./src/QueueTest.o ./src/Stack.o ./src/StackTest.o   
Finished building target: lab3
 
18:12:17 **** Incremental Build of configuration Debug for project lab3 ****
make all 
Building file: ../src/StackTest.cpp
Invoking: GCC C++ Compiler
g++ -O0 -g3 -Wall -c -fmessage-length=0 -MMD -MP -MF"src/StackTest.d" -MT"src/StackTest.o" -o "src/StackTest.o" "../src/StackTest.cpp"
Finished building: ../src/StackTest.cpp
 
Building target: lab3
Invoking: MacOS X C++ Linker
g++  -o "lab3"  ./src/Queue.o ./src/QueueTest.o ./src/Stack.o ./src/StackTest.o   
Finished building target: lab3
 
18:13:41 **** Incremental Build of configuration Debug for project lab3 ****
make all 
Building file: ../src/StackTest.cpp
Invoking: GCC C++ Compiler
g++ -O0 -g3 -Wall -c -fmessage-length=0 -MMD -MP -MF"src/StackTest.d" -MT"src/StackTest.o" -o "src/StackTest.o" "../src/StackTest.cpp"
Finished building: ../src/StackTest.cpp
 
Building target: lab3
Invoking: MacOS X C++ Linker
g++  -o "lab3"  ./src/Queue.o ./src/QueueTest.o ./src/Stack.o ./src/StackTest.o   
Finished building target: lab3
 
18:14:24 **** Incremental Build of configuration Debug for project lab3 ****
make all 
Building file: ../src/StackTest.cpp
Invoking: GCC C++ Compiler
g++ -O0 -g3 -Wall -c -fmessage-length=0 -MMD -MP -MF"src/StackTest.d" -MT"src/StackTest.o" -o "src/StackTest.o" "../src/StackTest.cpp"
Finished building: ../src/StackTest.cpp
 
Building target: lab3
Invoking: MacOS X C++ Linker
g++  -o "lab3"  ./src/Queue.o ./src/QueueTest.o ./src/Stack.o ./src/StackTest.o   
Finished building target: lab3
 
18:15:44 **** Incremental Build of configuration Debug for project lab3 ****
make all 
Building file: ../src/StackTest.cpp
Invoking: GCC C++ Compiler
g++ -O0 -g3 -Wall -c -fmessage-length=0 -MMD -MP -MF"src/StackTest.d" -MT"src/StackTest.o" -o "src/StackTest.o" "../src/StackTest.cpp"
Finished building: ../src/StackTest.cpp
 
Building target: lab3
Invoking: MacOS X C++ Linker
g++  -o "lab3"  ./src/Queue.o ./src/QueueTest.o ./src/Stack.o ./src/StackTest.o   
Finished building target: lab3
 
18:16:59 **** Incremental Build of configuration Debug for project lab3 ****
make all 
Building file: ../src/StackTest.cpp
Invoking: GCC C++ Compiler
g++ -O0 -g3 -Wall -c -fmessage-length=0 -MMD -MP -MF"src/StackTest.d" -MT"src/StackTest.o" -o "src/StackTest.o" "../src/StackTest.cpp"
Finished building: ../src/StackTest.cpp
 
Building target: lab3
Invoking: MacOS X C++ Linker
g++  -o "lab3"  ./src/Queue.o ./src/QueueTest.o ./src/Stack.o ./src/StackTest.o   
Finished building target: lab3
 
18:20:29 **** Incremental Build of configuration Debug for project lab3 ****
make all 
Building file: ../src/StackTest.cpp
Invoking: GCC C++ Compiler
g++ -O0 -g3 -Wall -c -fmessage-length=0 -MMD -MP -MF"src/StackTest.d" -MT"src/StackTest.o" -o "src/StackTest.o" "../src/StackTest.cpp"
Finished building: ../src/StackTest.cpp
 
Building target: lab3
Invoking: MacOS X C++ Linker
g++  -o "lab3"  ./src/Queue.o ./src/QueueTest.o ./src/Stack.o ./src/StackTest.o   
Finished building target: lab3
 
18:20:47 **** Incremental Build of configuration Debug for project lab3 ****
make all 
Building file: ../src/StackTest.cpp
Invoking: GCC C++ Compiler
g++ -O0 -g3 -Wall -c -fmessage-length=0 -MMD -MP -MF"src/StackTest.d" -MT"src/StackTest.o" -o "src/StackTest.o" "../src/StackTest.cpp"
Finished building: ../src/StackTest.cpp
 
Building target: lab3
Invoking: MacOS X C++ Linker
g++  -o "lab3"  ./src/Queue.o ./src/QueueTest.o ./src/Stack.o ./src/StackTest.o   
Finished building target: lab3
 
18:21:40 **** Incremental Build of configuration Debug for project lab3 ****
make all 
Building file: ../src/StackTest.cpp
Invoking: GCC C++ Compiler
g++ -O0 -g3 -Wall -c -fmessage-length=0 -MMD -MP -MF"src/StackTest.d" -MT"src/StackTest.o" -o "src/StackTest.o" "../src/StackTest.cpp"
Finished building: ../src/StackTest.cpp
 
Building target: lab3
Invoking: MacOS X C++ Linker
g++  -o "lab3"  ./src/Queue.o ./src/QueueTest.o ./src/Stack.o ./src/StackTest.o   
Finished building target: lab3
 
18:22:26 **** Incremental Build of configuration Debug for project lab3 ****
make all 
Building file: ../src/Stack.cpp
Invoking: GCC C++ Compiler
g++ -O0 -g3 -Wall -c -fmessage-length=0 -MMD -MP -MF"src/Stack.d" -MT"src/Stack.o" -o "src/Stack.o" "../src/Stack.cpp"
Finished building: ../src/Stack.cpp
 
Building file: ../src/StackTest.cpp
Invoking: GCC C++ Compiler
g++ -O0 -g3 -Wall -c -fmessage-length=0 -MMD -MP -MF"src/StackTest.d" -MT"src/StackTest.o" -o "src/StackTest.o" "../src/StackTest.cpp"
Finished building: ../src/StackTest.cpp
 
Building target: lab3
Invoking: MacOS X C++ Linker
g++  -o "lab3"  ./src/Queue.o ./src/QueueTest.o ./src/Stack.o ./src/StackTest.o   
Finished building target: lab3
 
18:24:03 **** Incremental Build of configuration Debug for project lab3 ****
make all 
Building file: ../src/StackTest.cpp
Invoking: GCC C++ Compiler
g++ -O0 -g3 -Wall -c -fmessage-length=0 -MMD -MP -MF"src/StackTest.d" -MT"src/StackTest.o" -o "src/StackTest.o" "../src/StackTest.cpp"
Finished building: ../src/StackTest.cpp
 
Building target: lab3
Invoking: MacOS X C++ Linker
g++  -o "lab3"  ./src/Queue.o ./src/QueueTest.o ./src/Stack.o ./src/StackTest.o   
Finished building target: lab3
 
18:24:39 **** Incremental Build of configuration Debug for project lab3 ****
make all 
Building file: ../src/StackTest.cpp
Invoking: GCC C++ Compiler
g++ -O0 -g3 -Wall -c -fmessage-length=0 -MMD -MP -MF"src/StackTest.d" -MT"src/StackTest.o" -o "src/StackTest.o" "../src/StackTest.cpp"
Finished building: ../src/StackTest.cpp
 
Building target: lab3
Invoking: MacOS X C++ Linker
g++  -o "lab3"  ./src/Queue.o ./src/QueueTest.o ./src/Stack.o ./src/StackTest.o   
Finished building target: lab3
 
18:39:10 **** Incremental Build of configuration Debug for project lab3 ****
make all 
Building file: ../src/StackTest.cpp
Invoking: GCC C++ Compiler
g++ -O0 -g3 -Wall -c -fmessage-length=0 -MMD -MP -MF"src/StackTest.d" -MT"src/StackTest.o" -o "src/StackTest.o" "../src/StackTest.cpp"
Finished building: ../src/StackTest.cpp
 
Building target: lab3
Invoking: MacOS X C++ Linker
g++  -o "lab3"  ./src/Queue.o ./src/QueueTest.o ./src/Stack.o ./src/StackTest.o   
Finished building target: lab3
 
18:39:30 **** Incremental Build of configuration Debug for project lab3 ****
make all 
Building file: ../src/StackTest.cpp
Invoking: GCC C++ Compiler
g++ -O0 -g3 -Wall -c -fmessage-length=0 -MMD -MP -MF"src/StackTest.d" -MT"src/StackTest.o" -o "src/StackTest.o" "../src/StackTest.cpp"
../src/StackTest.cpp:87:21: error: expected ';' after expression
                 S2.print()
                           ^
                           ;
1 error generated.
make: *** [src/StackTest.o] Error 1
18:40:02 **** Incremental Build of configuration Debug for project lab3 ****
make all 
Building file: ../src/StackTest.cpp
Invoking: GCC C++ Compiler
g++ -O0 -g3 -Wall -c -fmessage-length=0 -MMD -MP -MF"src/StackTest.d" -MT"src/StackTest.o" -o "src/StackTest.o" "../src/StackTest.cpp"
Finished building: ../src/StackTest.cpp
 
Building target: lab3
Invoking: MacOS X C++ Linker
g++  -o "lab3"  ./src/Queue.o ./src/QueueTest.o ./src/Stack.o ./src/StackTest.o   
Finished building target: lab3
 
18:41:32 **** Incremental Build of configuration Debug for project lab3 ****
make all 
Building file: ../src/StackTest.cpp
Invoking: GCC C++ Compiler
g++ -O0 -g3 -Wall -c -fmessage-length=0 -MMD -MP -MF"src/StackTest.d" -MT"src/StackTest.o" -o "src/StackTest.o" "../src/StackTest.cpp"
Finished building: ../src/StackTest.cpp
 
Building target: lab3
Invoking: MacOS X C++ Linker
g++  -o "lab3"  ./src/Queue.o ./src/QueueTest.o ./src/Stack.o ./src/StackTest.o   
Finished building target: lab3
 
18:42:01 **** Incremental Build of configuration Debug for project lab3 ****
make all 
Building file: ../src/StackTest.cpp
Invoking: GCC C++ Compiler
g++ -O0 -g3 -Wall -c -fmessage-length=0 -MMD -MP -MF"src/StackTest.d" -MT"src/StackTest.o" -o "src/StackTest.o" "../src/StackTest.cpp"
Finished building: ../src/StackTest.cpp
 
Building target: lab3
Invoking: MacOS X C++ Linker
g++  -o "lab3"  ./src/Queue.o ./src/QueueTest.o ./src/Stack.o ./src/StackTest.o   
Finished building target: lab3
 
